<?xml version="1.0" encoding="UTF-8"?>
<!-- Generated by org.testng.reporters.JUnitXMLReporter -->
<testsuite ignored="0" hostname="Vivaan" failures="0" tests="3" name="Test1" time="98.781" errors="0" timestamp="2025-03-21T19:39:55 IST">
  <testcase classname="CampaignTest.CreateCampaignTest" name="createCampaignTest" time="35.941"/>
  <testcase classname="CampaignTest.CreateCampaignTest" name="createCampaignwithcloseDateTest" time="28.964"/>
  <testcase classname="ContactTest.CreateContactwithCampaign" name="createContactwithCampaignTest" time="33.797"/>
</testsuite> <!-- Test1 -->
