<?xml version="1.0" encoding="UTF-8"?>
<!-- Generated by org.testng.reporters.JUnitXMLReporter -->
<testsuite ignored="0" hostname="Vivaan" failures="0" tests="5" name="Test_edge" time="158.996" errors="0" timestamp="2025-03-21T20:32:38 IST">
  <testcase classname="CampaignTest.CreateCampaignTest" name="createCampaignTest" time="30.016"/>
  <testcase classname="CampaignTest.CreateCampaignTest" name="createCampaignwithcloseDateTest" time="31.167"/>
  <testcase classname="ContactTest.CreateContactwithCampaign" name="createContactwithCampaignTest" time="46.272"/>
  <testcase classname="ProductTest.CreateProduct" name="createProductTest" time="35.58"/>
  <testcase classname="Login.LoginTest" name="loginTest" time="15.849"/>
</testsuite> <!-- Test_edge -->
