<?xml version="1.0" encoding="UTF-8"?>
<!-- Generated by org.testng.reporters.JUnitXMLReporter -->
<testsuite ignored="0" hostname="Vivaan" failures="0" tests="5" name="Test_chrome" time="156.041" errors="0" timestamp="2025-03-21T20:32:35 IST">
  <testcase classname="CampaignTest.CreateCampaignTest" name="createCampaignTest" time="42.677"/>
  <testcase classname="CampaignTest.CreateCampaignTest" name="createCampaignwithcloseDateTest" time="22.747"/>
  <testcase classname="ContactTest.CreateContactwithCampaign" name="createContactwithCampaignTest" time="42.192"/>
  <testcase classname="ProductTest.CreateProduct" name="createProductTest" time="34.372"/>
  <testcase classname="Login.LoginTest" name="loginTest" time="13.937"/>
</testsuite> <!-- Test_chrome -->
