<?xml version="1.0" encoding="UTF-8"?>
<testng-results ignored="0" total="5" passed="4" failed="1" skipped="0">
  <reporter-output>
    <line>
      <![CDATA[Camapign Vivaan_2960 added successfully]]>
    </line>
    <line>
      <![CDATA[Camapign Vivaan_2582 added successfully]]>
    </line>
    <line>
      <![CDATA[Camapign Sunil_1489 added successfully]]>
    </line>
    <line>
      <![CDATA[Camapign Pen_1998 added successfully]]>
    </line>
  </reporter-output>
  <suite started-at="2025-04-02T20:59:19 IST" name="Suite" finished-at="2025-04-02T21:00:56 IST" duration-ms="97236">
    <groups>
    </groups>
    <test started-at="2025-04-02T20:59:19 IST" name="Test" finished-at="2025-04-02T21:00:56 IST" duration-ms="97236">
      <class name="ExtentReportGen.CreateCampaignTest">
        <test-method is-config="true" signature="beforesuite()[pri:0, instance:ExtentReportGen.CreateCampaignTest@28dcca0c]" started-at="2025-04-02T20:59:19 IST" name="beforesuite" finished-at="2025-04-02T20:59:19 IST" duration-ms="143" status="PASS">
          <reporter-output>
          </reporter-output>
        </test-method> <!-- beforesuite -->
        <test-method is-config="true" signature="beforetest()[pri:0, instance:ExtentReportGen.CreateCampaignTest@28dcca0c]" started-at="2025-04-02T20:59:19 IST" name="beforetest" finished-at="2025-04-02T20:59:19 IST" duration-ms="1" status="PASS">
          <reporter-output>
          </reporter-output>
        </test-method> <!-- beforetest -->
        <test-method is-config="true" signature="beforeclass()[pri:0, instance:ExtentReportGen.CreateCampaignTest@28dcca0c]" started-at="2025-04-02T20:59:19 IST" name="beforeclass" finished-at="2025-04-02T20:59:21 IST" duration-ms="2506" status="PASS">
          <reporter-output>
          </reporter-output>
        </test-method> <!-- beforeclass -->
        <test-method is-config="true" signature="beforemethod()[pri:0, instance:ExtentReportGen.CreateCampaignTest@28dcca0c]" started-at="2025-04-02T20:59:21 IST" name="beforemethod" finished-at="2025-04-02T20:59:23 IST" duration-ms="1572" status="PASS">
          <reporter-output>
          </reporter-output>
        </test-method> <!-- beforemethod -->
        <test-method signature="createCampaignTest()[pri:0, instance:ExtentReportGen.CreateCampaignTest@28dcca0c]" started-at="2025-04-02T20:59:23 IST" name="createCampaignTest" finished-at="2025-04-02T20:59:37 IST" duration-ms="13651" status="PASS">
          <reporter-output>
            <line>
              <![CDATA[Camapign Vivaan_2960 added successfully]]>
            </line>
          </reporter-output>
        </test-method> <!-- createCampaignTest -->
        <test-method is-config="true" signature="aftermethod()[pri:0, instance:ExtentReportGen.CreateCampaignTest@28dcca0c]" started-at="2025-04-02T20:59:37 IST" name="aftermethod" finished-at="2025-04-02T20:59:37 IST" duration-ms="92" status="PASS">
          <reporter-output>
          </reporter-output>
        </test-method> <!-- aftermethod -->
        <test-method is-config="true" signature="beforemethod()[pri:0, instance:ExtentReportGen.CreateCampaignTest@28dcca0c]" started-at="2025-04-02T20:59:37 IST" name="beforemethod" finished-at="2025-04-02T20:59:39 IST" duration-ms="1834" status="PASS">
          <reporter-output>
          </reporter-output>
        </test-method> <!-- beforemethod -->
        <test-method signature="createCampaignwithcloseDateTest()[pri:0, instance:ExtentReportGen.CreateCampaignTest@28dcca0c]" started-at="2025-04-02T20:59:39 IST" name="createCampaignwithcloseDateTest" finished-at="2025-04-02T20:59:51 IST" duration-ms="12649" status="PASS">
          <reporter-output>
            <line>
              <![CDATA[Camapign Vivaan_2582 added successfully]]>
            </line>
          </reporter-output>
        </test-method> <!-- createCampaignwithcloseDateTest -->
        <test-method is-config="true" signature="aftermethod()[pri:0, instance:ExtentReportGen.CreateCampaignTest@28dcca0c]" started-at="2025-04-02T20:59:51 IST" name="aftermethod" finished-at="2025-04-02T20:59:51 IST" duration-ms="42" status="PASS">
          <reporter-output>
          </reporter-output>
        </test-method> <!-- aftermethod -->
        <test-method is-config="true" signature="afterclass()[pri:0, instance:ExtentReportGen.CreateCampaignTest@28dcca0c]" started-at="2025-04-02T20:59:51 IST" name="afterclass" finished-at="2025-04-02T20:59:53 IST" duration-ms="1486" status="PASS">
          <reporter-output>
          </reporter-output>
        </test-method> <!-- afterclass -->
        <test-method is-config="true" signature="aftertest()[pri:0, instance:ExtentReportGen.CreateCampaignTest@28dcca0c]" started-at="2025-04-02T21:00:56 IST" name="aftertest" finished-at="2025-04-02T21:00:56 IST" duration-ms="0" status="PASS">
          <reporter-output>
          </reporter-output>
        </test-method> <!-- aftertest -->
        <test-method is-config="true" signature="aftersuite()[pri:0, instance:ExtentReportGen.CreateCampaignTest@28dcca0c]" started-at="2025-04-02T21:00:57 IST" name="aftersuite" finished-at="2025-04-02T21:00:57 IST" duration-ms="0" status="PASS">
          <reporter-output>
          </reporter-output>
        </test-method> <!-- aftersuite -->
      </class> <!-- ExtentReportGen.CreateCampaignTest -->
      <class name="ExtentReportGen.LoginTest">
        <test-method is-config="true" signature="beforeclass()[pri:0, instance:ExtentReportGen.LoginTest@312aa7c]" started-at="2025-04-02T21:00:22 IST" name="beforeclass" finished-at="2025-04-02T21:00:24 IST" duration-ms="1675" status="PASS">
          <reporter-output>
          </reporter-output>
        </test-method> <!-- beforeclass -->
        <test-method is-config="true" signature="beforemethod()[pri:0, instance:ExtentReportGen.LoginTest@312aa7c]" started-at="2025-04-02T21:00:24 IST" name="beforemethod" finished-at="2025-04-02T21:00:26 IST" duration-ms="1499" status="PASS">
          <reporter-output>
          </reporter-output>
        </test-method> <!-- beforemethod -->
        <test-method signature="loginTest()[pri:0, instance:ExtentReportGen.LoginTest@312aa7c]" started-at="2025-04-02T21:00:26 IST" name="loginTest" finished-at="2025-04-02T21:00:29 IST" duration-ms="3131" status="FAIL">
          <exception class="java.lang.AssertionError">
            <message>
              <![CDATA[Validation Failed expected [http://49.249.28.218:8098/dashboar] but found [http://49.249.28.218:8098/dashboard]]]>
            </message>
            <full-stacktrace>
              <![CDATA[java.lang.AssertionError: Validation Failed expected [http://49.249.28.218:8098/dashboar] but found [http://49.249.28.218:8098/dashboard]
at org.testng.Assert.fail(Assert.java:111)
at org.testng.Assert.failNotEquals(Assert.java:1578)
at org.testng.Assert.assertEqualsImpl(Assert.java:150)
at org.testng.Assert.assertEquals(Assert.java:132)
at org.testng.Assert.assertEquals(Assert.java:656)
at ExtentReportGen.LoginTest.loginTest(LoginTest.java:52)
at java.base/jdk.internal.reflect.DirectMethodHandleAccessor.invoke(DirectMethodHandleAccessor.java:103)
at java.base/java.lang.reflect.Method.invoke(Method.java:580)
at org.testng.internal.invokers.MethodInvocationHelper.invokeMethod(MethodInvocationHelper.java:141)
at org.testng.internal.invokers.TestInvoker.invokeMethod(TestInvoker.java:686)
at org.testng.internal.invokers.TestInvoker.invokeTestMethod(TestInvoker.java:230)
at org.testng.internal.invokers.MethodRunner.runInSequence(MethodRunner.java:63)
at org.testng.internal.invokers.TestInvoker$MethodInvocationAgent.invoke(TestInvoker.java:992)
at org.testng.internal.invokers.TestInvoker.invokeTestMethods(TestInvoker.java:203)
at org.testng.internal.invokers.TestMethodWorker.invokeTestMethods(TestMethodWorker.java:154)
at org.testng.internal.invokers.TestMethodWorker.run(TestMethodWorker.java:134)
at java.base/java.util.ArrayList.forEach(ArrayList.java:1597)
at org.testng.TestRunner.privateRun(TestRunner.java:739)
at org.testng.TestRunner.run(TestRunner.java:614)
at org.testng.SuiteRunner.runTest(SuiteRunner.java:421)
at org.testng.SuiteRunner.runSequentially(SuiteRunner.java:413)
at org.testng.SuiteRunner.privateRun(SuiteRunner.java:373)
at org.testng.SuiteRunner.run(SuiteRunner.java:312)
at org.testng.SuiteRunnerWorker.runSuite(SuiteRunnerWorker.java:52)
at org.testng.SuiteRunnerWorker.run(SuiteRunnerWorker.java:95)
at org.testng.TestNG.runSuitesSequentially(TestNG.java:1274)
at org.testng.TestNG.runSuitesLocally(TestNG.java:1208)
at org.testng.TestNG.runSuites(TestNG.java:1112)
at org.testng.TestNG.run(TestNG.java:1079)
at org.testng.remote.AbstractRemoteTestNG.run(AbstractRemoteTestNG.java:115)
at org.testng.remote.RemoteTestNG.initAndRun(RemoteTestNG.java:293)
at org.testng.remote.RemoteTestNG.main(RemoteTestNG.java:91)
]]>
            </full-stacktrace>
          </exception> <!-- java.lang.AssertionError -->
          <reporter-output>
          </reporter-output>
        </test-method> <!-- loginTest -->
        <test-method is-config="true" signature="aftermethod()[pri:0, instance:ExtentReportGen.LoginTest@312aa7c]" started-at="2025-04-02T21:00:29 IST" name="aftermethod" finished-at="2025-04-02T21:00:29 IST" duration-ms="118" status="PASS">
          <reporter-output>
          </reporter-output>
        </test-method> <!-- aftermethod -->
        <test-method is-config="true" signature="afterclass()[pri:0, instance:ExtentReportGen.LoginTest@312aa7c]" started-at="2025-04-02T21:00:29 IST" name="afterclass" finished-at="2025-04-02T21:00:31 IST" duration-ms="1351" status="PASS">
          <reporter-output>
          </reporter-output>
        </test-method> <!-- afterclass -->
      </class> <!-- ExtentReportGen.LoginTest -->
      <class name="ExtentReportGen.CreateContactwithCampaign">
        <test-method is-config="true" signature="beforeclass()[pri:0, instance:ExtentReportGen.CreateContactwithCampaign@c430e6c]" started-at="2025-04-02T20:59:53 IST" name="beforeclass" finished-at="2025-04-02T20:59:55 IST" duration-ms="1856" status="PASS">
          <reporter-output>
          </reporter-output>
        </test-method> <!-- beforeclass -->
        <test-method is-config="true" signature="beforemethod()[pri:0, instance:ExtentReportGen.CreateContactwithCampaign@c430e6c]" started-at="2025-04-02T20:59:55 IST" name="beforemethod" finished-at="2025-04-02T20:59:57 IST" duration-ms="1976" status="PASS">
          <reporter-output>
          </reporter-output>
        </test-method> <!-- beforemethod -->
        <test-method signature="createContactwithCampaignTest()[pri:0, instance:ExtentReportGen.CreateContactwithCampaign@c430e6c]" started-at="2025-04-02T20:59:57 IST" name="createContactwithCampaignTest" finished-at="2025-04-02T21:00:21 IST" duration-ms="24332" status="PASS">
          <reporter-output>
            <line>
              <![CDATA[Camapign Sunil_1489 added successfully]]>
            </line>
          </reporter-output>
        </test-method> <!-- createContactwithCampaignTest -->
        <test-method is-config="true" signature="aftermethod()[pri:0, instance:ExtentReportGen.CreateContactwithCampaign@c430e6c]" started-at="2025-04-02T21:00:21 IST" name="aftermethod" finished-at="2025-04-02T21:00:21 IST" duration-ms="153" status="PASS">
          <reporter-output>
          </reporter-output>
        </test-method> <!-- aftermethod -->
        <test-method is-config="true" signature="afterclass()[pri:0, instance:ExtentReportGen.CreateContactwithCampaign@c430e6c]" started-at="2025-04-02T21:00:21 IST" name="afterclass" finished-at="2025-04-02T21:00:22 IST" duration-ms="1364" status="PASS">
          <reporter-output>
          </reporter-output>
        </test-method> <!-- afterclass -->
      </class> <!-- ExtentReportGen.CreateContactwithCampaign -->
      <class name="ExtentReportGen.CreateProduct">
        <test-method is-config="true" signature="beforeclass()[pri:0, instance:ExtentReportGen.CreateProduct@536f2a7e]" started-at="2025-04-02T21:00:31 IST" name="beforeclass" finished-at="2025-04-02T21:00:32 IST" duration-ms="1691" status="PASS">
          <reporter-output>
          </reporter-output>
        </test-method> <!-- beforeclass -->
        <test-method is-config="true" signature="beforemethod()[pri:0, instance:ExtentReportGen.CreateProduct@536f2a7e]" started-at="2025-04-02T21:00:32 IST" name="beforemethod" finished-at="2025-04-02T21:00:35 IST" duration-ms="2898" status="PASS">
          <reporter-output>
          </reporter-output>
        </test-method> <!-- beforemethod -->
        <test-method signature="createProductTest()[pri:0, instance:ExtentReportGen.CreateProduct@536f2a7e]" started-at="2025-04-02T21:00:35 IST" name="createProductTest" finished-at="2025-04-02T21:00:55 IST" duration-ms="19420" status="PASS">
          <reporter-output>
            <line>
              <![CDATA[Camapign Pen_1998 added successfully]]>
            </line>
          </reporter-output>
        </test-method> <!-- createProductTest -->
        <test-method is-config="true" signature="aftermethod()[pri:0, instance:ExtentReportGen.CreateProduct@536f2a7e]" started-at="2025-04-02T21:00:55 IST" name="aftermethod" finished-at="2025-04-02T21:00:55 IST" duration-ms="127" status="PASS">
          <reporter-output>
          </reporter-output>
        </test-method> <!-- aftermethod -->
        <test-method is-config="true" signature="afterclass()[pri:0, instance:ExtentReportGen.CreateProduct@536f2a7e]" started-at="2025-04-02T21:00:55 IST" name="afterclass" finished-at="2025-04-02T21:00:56 IST" duration-ms="1373" status="PASS">
          <reporter-output>
          </reporter-output>
        </test-method> <!-- afterclass -->
      </class> <!-- ExtentReportGen.CreateProduct -->
    </test> <!-- Test -->
  </suite> <!-- Suite -->
</testng-results>
