<?xml version="1.0" encoding="UTF-8"?>
<testng-results ignored="0" total="1" passed="1" failed="0" skipped="0">
  <reporter-output>
    <line>
      <![CDATA[Validation is passed]]>
    </line>
  </reporter-output>
  <suite started-at="2025-04-12T19:31:59 IST" name="Default suite" finished-at="2025-04-12T19:32:25 IST" duration-ms="26209">
    <groups>
    </groups>
    <test started-at="2025-04-12T19:31:59 IST" name="Default test" finished-at="2025-04-12T19:32:25 IST" duration-ms="26209">
      <class name="LogIntest.LoginTest">
        <test-method is-config="true" signature="beforesuite()[pri:0, instance:LogIntest.LoginTest@433defed]" started-at="2025-04-12T19:31:58 IST" name="beforesuite" finished-at="2025-04-12T19:31:59 IST" duration-ms="600" status="PASS">
          <reporter-output>
          </reporter-output>
        </test-method> <!-- beforesuite -->
        <test-method is-config="true" signature="beforetest()[pri:0, instance:LogIntest.LoginTest@433defed]" started-at="2025-04-12T19:31:59 IST" name="beforetest" finished-at="2025-04-12T19:31:59 IST" duration-ms="4" status="PASS">
          <reporter-output>
          </reporter-output>
        </test-method> <!-- beforetest -->
        <test-method is-config="true" signature="beforeclass()[pri:0, instance:LogIntest.LoginTest@433defed]" started-at="2025-04-12T19:31:59 IST" name="beforeclass" finished-at="2025-04-12T19:32:10 IST" duration-ms="11202" status="PASS">
          <reporter-output>
          </reporter-output>
        </test-method> <!-- beforeclass -->
        <test-method is-config="true" signature="beforemethod()[pri:0, instance:LogIntest.LoginTest@433defed]" started-at="2025-04-12T19:32:10 IST" name="beforemethod" finished-at="2025-04-12T19:32:16 IST" duration-ms="5947" status="PASS">
          <reporter-output>
          </reporter-output>
        </test-method> <!-- beforemethod -->
        <test-method signature="loginTest()[pri:0, instance:LogIntest.LoginTest@433defed]" started-at="2025-04-12T19:32:16 IST" name="loginTest" finished-at="2025-04-12T19:32:20 IST" duration-ms="3687" status="PASS">
          <reporter-output>
            <line>
              <![CDATA[Validation is passed]]>
            </line>
          </reporter-output>
        </test-method> <!-- loginTest -->
        <test-method is-config="true" signature="aftermethod()[pri:0, instance:LogIntest.LoginTest@433defed]" started-at="2025-04-12T19:32:20 IST" name="aftermethod" finished-at="2025-04-12T19:32:20 IST" duration-ms="536" status="PASS">
          <reporter-output>
          </reporter-output>
        </test-method> <!-- aftermethod -->
        <test-method is-config="true" signature="afterclass()[pri:0, instance:LogIntest.LoginTest@433defed]" started-at="2025-04-12T19:32:20 IST" name="afterclass" finished-at="2025-04-12T19:32:25 IST" duration-ms="4664" status="PASS">
          <reporter-output>
          </reporter-output>
        </test-method> <!-- afterclass -->
        <test-method is-config="true" signature="aftertest()[pri:0, instance:LogIntest.LoginTest@433defed]" started-at="2025-04-12T19:32:25 IST" name="aftertest" finished-at="2025-04-12T19:32:25 IST" duration-ms="1" status="PASS">
          <reporter-output>
          </reporter-output>
        </test-method> <!-- aftertest -->
        <test-method is-config="true" signature="aftersuite()[pri:0, instance:LogIntest.LoginTest@433defed]" started-at="2025-04-12T19:32:26 IST" name="aftersuite" finished-at="2025-04-12T19:32:26 IST" duration-ms="1" status="PASS">
          <reporter-output>
          </reporter-output>
        </test-method> <!-- aftersuite -->
      </class> <!-- LogIntest.LoginTest -->
    </test> <!-- Default test -->
  </suite> <!-- Default suite -->
</testng-results>
